<?xml version='1.0'?>
<ns2:test-suite xmlns:ns2='urn:model.allure.qatools.yandex.ru' start='1602157508362' stop='1602157509122'>
    <name>Order Confirmation Test</name>
    <title>Order Confirmation Test</title>
    <test-cases>
        <test-case start='1602157508363' status='failed' stop='1602157509121'>
            <name>should login with valid credentials, place an order then logout</name>
            <title>should login with valid credentials, place an order then logout</title>
            <labels>
                <label name='language' value='javascript'/>
                <label name='framework' value='wdio'/>
                <label name='thread' value='0-0'/>
            </labels>
            <parameters>
                <parameter kind='argument' name='browser' value='chrome-86.0.4240.75'/>
            </parameters>
            <steps/>
            <attachments/>
            <failure>
                <message>expected 'https://www.saucedemo.com/' to equal 'https://www.saucedemo.com/inventory.html'</message>
                <stack-trace>AssertionError: expected 'https://www.saucedemo.com/' to equal 'https://www.saucedemo.com/inventory.html'
                    at Context.&lt;anonymous> (E:\Adnan Ghaffar\saucedemo\test\specs\e2e.js:41:37)
                    at Context.executeSync (E:\Adnan Ghaffar\saucedemo\node_modules\@wdio\sync\build\index.js:25:22)
                    at E:\Adnan Ghaffar\saucedemo\node_modules\@wdio\sync\build\index.js:46:68</stack-trace>
            </failure>
        </test-case>
    </test-cases>
</ns2:test-suite>